0 info it worked if it ends with ok
1 verbose cli [ '/usr/bin/nodejs', '/usr/bin/npm', 'start' ]
2 info using npm@3.6.0
3 info using node@v5.7.0
4 verbose run-script [ 'prestart', 'start', 'poststart' ]
5 info lifecycle genesis_express@0.0.1~prestart: genesis_express@0.0.1
6 silly lifecycle genesis_express@0.0.1~prestart: no script for prestart, continuing
7 info lifecycle genesis_express@0.0.1~start: genesis_express@0.0.1
8 verbose lifecycle genesis_express@0.0.1~start: unsafe-perm in lifecycle true
9 verbose lifecycle genesis_express@0.0.1~start: PATH: /usr/lib/node_modules/npm/bin/node-gyp-bin:/home/branie/Desktop/express/node_modules/.bin:/usr/local/heroku/bin:/usr/local/sbin:/usr/local/bin:/usr/sbin:/usr/bin:/sbin:/bin:/usr/games:/usr/local/games:/home/branie/.vimpkg/bin:/home/branie/.vimpkg/bin
10 verbose lifecycle genesis_express@0.0.1~start: CWD: /home/branie/Desktop/express
11 silly lifecycle genesis_express@0.0.1~start: Args: [ '-c',
11 silly lifecycle   'node api/index.js && cd clients && webpack && webpack-dev-server' ]
12 silly lifecycle genesis_express@0.0.1~start: Returned: code: 1  signal: null
13 info lifecycle genesis_express@0.0.1~start: Failed to exec start script
14 verbose stack Error: genesis_express@0.0.1 start: `node api/index.js && cd clients && webpack && webpack-dev-server`
14 verbose stack Exit status 1
14 verbose stack     at EventEmitter.<anonymous> (/usr/lib/node_modules/npm/lib/utils/lifecycle.js:232:16)
14 verbose stack     at emitTwo (events.js:100:13)
14 verbose stack     at EventEmitter.emit (events.js:185:7)
14 verbose stack     at ChildProcess.<anonymous> (/usr/lib/node_modules/npm/lib/utils/spawn.js:24:14)
14 verbose stack     at emitTwo (events.js:100:13)
14 verbose stack     at ChildProcess.emit (events.js:185:7)
14 verbose stack     at maybeClose (internal/child_process.js:827:16)
14 verbose stack     at Process.ChildProcess._handle.onexit (internal/child_process.js:211:5)
15 verbose pkgid genesis_express@0.0.1
16 verbose cwd /home/branie/Desktop/express
17 error Linux 3.19.0-15-generic
18 error argv "/usr/bin/nodejs" "/usr/bin/npm" "start"
19 error node v5.7.0
20 error npm  v3.6.0
21 error code ELIFECYCLE
22 error genesis_express@0.0.1 start: `node api/index.js && cd clients && webpack && webpack-dev-server`
22 error Exit status 1
23 error Failed at the genesis_express@0.0.1 start script 'node api/index.js && cd clients && webpack && webpack-dev-server'.
23 error Make sure you have the latest version of node.js and npm installed.
23 error If you do, this is most likely a problem with the genesis_express package,
23 error not with npm itself.
23 error Tell the author that this fails on your system:
23 error     node api/index.js && cd clients && webpack && webpack-dev-server
23 error You can get information on how to open an issue for this project with:
23 error     npm bugs genesis_express
23 error Or if that isn't available, you can get their info via:
23 error     npm owner ls genesis_express
23 error There is likely additional logging output above.
24 verbose exit [ 1, true ]
